# JRE version: Java(TM) SE Runtime Environment (8.0_131-b11) (build 1.8.0_131-b11)
# Java VM: Java HotSpot(TM) 64-Bit Server VM (25.131-b11 mixed mode windows-amd64 compressed oops)
Heap:
 PSYoungGen      total 141824K, used 23182K [0x00000000d5d00000, 0x00000000df200000, 0x0000000100000000)
  eden space 132608K, 17% used [0x00000000d5d00000,0x00000000d73a3b38,0x00000000dde80000)
  from space 9216K, 0% used [0x00000000de800000,0x00000000de800000,0x00000000df100000)
  to   space 9728K, 0% used [0x00000000dde80000,0x00000000dde80000,0x00000000de800000)
 ParOldGen       total 109056K, used 42134K [0x0000000081600000, 0x0000000088080000, 0x00000000d5d00000)
  object space 109056K, 38% used [0x0000000081600000,0x0000000083f25888,0x0000000088080000)
 Metaspace       used 21000K, capacity 21408K, committed 21552K, reserved 1069056K
  class space    used 2316K, capacity 2415K, committed 2432K, reserved 1048576K
GC Heap History (10 events):
Event: 4.270 GC heap before
{Heap before GC invocations=5 (full 0):
 PSYoungGen      total 71680K, used 71664K [0x00000000d5d00000, 0x00000000da800000, 0x0000000100000000)
  eden space 66560K, 100% used [0x00000000d5d00000,0x00000000d9e00000,0x00000000d9e00000)
  from space 5120K, 99% used [0x00000000da300000,0x00000000da7fc030,0x00000000da800000)
  to   space 5120K, 0% used [0x00000000d9e00000,0x00000000d9e00000,0x00000000da300000)
 ParOldGen       total 87552K, used 4810K [0x0000000081600000, 0x0000000086b80000, 0x00000000d5d00000)
  object space 87552K, 5% used [0x0000000081600000,0x0000000081ab2880,0x0000000086b80000)
 Metaspace       used 13203K, capacity 13388K, committed 13440K, reserved 1060864K
  class space    used 1533K, capacity 1615K, committed 1664K, reserved 1048576K
Event: 4.293 GC heap after
Heap after GC invocations=5 (full 0):
 PSYoungGen      total 71680K, used 5088K [0x00000000d5d00000, 0x00000000df100000, 0x0000000100000000)
  eden space 66560K, 0% used [0x00000000d5d00000,0x00000000d5d00000,0x00000000d9e00000)
  from space 5120K, 99% used [0x00000000d9e00000,0x00000000da2f8020,0x00000000da300000)
  to   space 9216K, 0% used [0x00000000de800000,0x00000000de800000,0x00000000df100000)
 ParOldGen       total 87552K, used 8098K [0x0000000081600000, 0x0000000086b80000, 0x00000000d5d00000)
  object space 87552K, 9% used [0x0000000081600000,0x0000000081de8880,0x0000000086b80000)
 Metaspace       used 13203K, capacity 13388K, committed 13440K, reserved 1060864K
  class space    used 1533K, capacity 1615K, committed 1664K, reserved 1048576K
}
Event: 9.362 GC heap before
{Heap before GC invocations=6 (full 0):
 PSYoungGen      total 71680K, used 71648K [0x00000000d5d00000, 0x00000000df100000, 0x0000000100000000)
  eden space 66560K, 100% used [0x00000000d5d00000,0x00000000d9e00000,0x00000000d9e00000)
  from space 5120K, 99% used [0x00000000d9e00000,0x00000000da2f8020,0x00000000da300000)
  to   space 9216K, 0% used [0x00000000de800000,0x00000000de800000,0x00000000df100000)
 ParOldGen       total 87552K, used 8098K [0x0000000081600000, 0x0000000086b80000, 0x00000000d5d00000)
  object space 87552K, 9% used [0x0000000081600000,0x0000000081de8880,0x0000000086b80000)
 Metaspace       used 17732K, capacity 18112K, committed 18176K, reserved 1064960K
  class space    used 2133K, capacity 2255K, committed 2304K, reserved 1048576K
Event: 9.388 GC heap after
Heap after GC invocations=6 (full 0):
 PSYoungGen      total 141824K, used 8764K [0x00000000d5d00000, 0x00000000df200000, 0x0000000100000000)
  eden space 132608K, 0% used [0x00000000d5d00000,0x00000000d5d00000,0x00000000dde80000)
  from space 9216K, 95% used [0x00000000de800000,0x00000000df08f088,0x00000000df100000)
  to   space 9728K, 0% used [0x00000000dde80000,0x00000000dde80000,0x00000000de800000)
 ParOldGen       total 87552K, used 8106K [0x0000000081600000, 0x0000000086b80000, 0x00000000d5d00000)
  object space 87552K, 9% used [0x0000000081600000,0x0000000081dea880,0x0000000086b80000)
 Metaspace       used 17732K, capacity 18112K, committed 18176K, reserved 1064960K
  class space    used 2133K, capacity 2255K, committed 2304K, reserved 1048576K
}
Event: 16.383 GC heap before
{Heap before GC invocations=7 (full 0):
 PSYoungGen      total 141824K, used 141372K [0x00000000d5d00000, 0x00000000df200000, 0x0000000100000000)
  eden space 132608K, 100% used [0x00000000d5d00000,0x00000000dde80000,0x00000000dde80000)
  from space 9216K, 95% used [0x00000000de800000,0x00000000df08f088,0x00000000df100000)
  to   space 9728K, 0% used [0x00000000dde80000,0x00000000dde80000,0x00000000de800000)
 ParOldGen       total 87552K, used 8106K [0x0000000081600000, 0x0000000086b80000, 0x00000000d5d00000)
  object space 87552K, 9% used [0x0000000081600000,0x0000000081dea880,0x0000000086b80000)
 Metaspace       used 18943K, capacity 19296K, committed 19456K, reserved 1067008K
  class space    used 2189K, capacity 2287K, committed 2304K, reserved 1048576K
Event: 16.463 GC heap after
Heap after GC invocations=7 (full 0):
 PSYoungGen      total 142336K, used 9726K [0x00000000d5d00000, 0x00000000df200000, 0x0000000100000000)
  eden space 132608K, 0% used [0x00000000d5d00000,0x00000000d5d00000,0x00000000dde80000)
  from space 9728K, 99% used [0x00000000dde80000,0x00000000de7ffbc0,0x00000000de800000)
  to   space 9216K, 0% used [0x00000000de800000,0x00000000de800000,0x00000000df100000)
 ParOldGen       total 87552K, used 37631K [0x0000000081600000, 0x0000000086b80000, 0x00000000d5d00000)
  object space 87552K, 42% used [0x0000000081600000,0x0000000083abff90,0x0000000086b80000)
 Metaspace       used 18943K, capacity 19296K, committed 19456K, reserved 1067008K
  class space    used 2189K, capacity 2287K, committed 2304K, reserved 1048576K
}
Event: 19.613 GC heap before
{Heap before GC invocations=8 (full 0):
 PSYoungGen      total 142336K, used 81888K [0x00000000d5d00000, 0x00000000df200000, 0x0000000100000000)
  eden space 132608K, 54% used [0x00000000d5d00000,0x00000000da3784d8,0x00000000dde80000)
  from space 9728K, 99% used [0x00000000dde80000,0x00000000de7ffbc0,0x00000000de800000)
  to   space 9216K, 0% used [0x00000000de800000,0x00000000de800000,0x00000000df100000)
 ParOldGen       total 87552K, used 37631K [0x0000000081600000, 0x0000000086b80000, 0x00000000d5d00000)
  object space 87552K, 42% used [0x0000000081600000,0x0000000083abff90,0x0000000086b80000)
 Metaspace       used 20847K, capacity 21216K, committed 21296K, reserved 1069056K
  class space    used 2315K, capacity 2415K, committed 2432K, reserved 1048576K
Event: 19.651 GC heap after
Heap after GC invocations=8 (full 0):
 PSYoungGen      total 141824K, used 9192K [0x00000000d5d00000, 0x00000000df200000, 0x0000000100000000)
  eden space 132608K, 0% used [0x00000000d5d00000,0x00000000d5d00000,0x00000000dde80000)
  from space 9216K, 99% used [0x00000000de800000,0x00000000df0fa3e0,0x00000000df100000)
  to   space 9728K, 0% used [0x00000000dde80000,0x00000000dde80000,0x00000000de800000)
 ParOldGen       total 87552K, used 43001K [0x0000000081600000, 0x0000000086b80000, 0x00000000d5d00000)
  object space 87552K, 49% used [0x0000000081600000,0x0000000083ffe678,0x0000000086b80000)
 Metaspace       used 20847K, capacity 21216K, committed 21296K, reserved 1069056K
  class space    used 2315K, capacity 2415K, committed 2432K, reserved 1048576K
}
Event: 19.651 GC heap before
{Heap before GC invocations=9 (full 1):
 PSYoungGen      total 141824K, used 9192K [0x00000000d5d00000, 0x00000000df200000, 0x0000000100000000)
  eden space 132608K, 0% used [0x00000000d5d00000,0x00000000d5d00000,0x00000000dde80000)
  from space 9216K, 99% used [0x00000000de800000,0x00000000df0fa3e0,0x00000000df100000)
  to   space 9728K, 0% used [0x00000000dde80000,0x00000000dde80000,0x00000000de800000)
 ParOldGen       total 87552K, used 43001K [0x0000000081600000, 0x0000000086b80000, 0x00000000d5d00000)
  object space 87552K, 49% used [0x0000000081600000,0x0000000083ffe678,0x0000000086b80000)
 Metaspace       used 20847K, capacity 21216K, committed 21296K, reserved 1069056K
  class space    used 2315K, capacity 2415K, committed 2432K, reserved 1048576K
Event: 19.935 GC heap after
Heap after GC invocations=9 (full 1):
 PSYoungGen      total 141824K, used 0K [0x00000000d5d00000, 0x00000000df200000, 0x0000000100000000)
  eden space 132608K, 0% used [0x00000000d5d00000,0x00000000d5d00000,0x00000000dde80000)
  from space 9216K, 0% used [0x00000000de800000,0x00000000de800000,0x00000000df100000)
  to   space 9728K, 0% used [0x00000000dde80000,0x00000000dde80000,0x00000000de800000)
 ParOldGen       total 109056K, used 42134K [0x0000000081600000, 0x0000000088080000, 0x00000000d5d00000)
  object space 109056K, 38% used [0x0000000081600000,0x0000000083f25888,0x0000000088080000)
 Metaspace       used 20847K, capacity 21216K, committed 21296K, reserved 1069056K
  class space    used 2315K, capacity 2415K, committed 2432K, reserved 1048576K
}

